<?xml version="1.0" encoding="UTF-8"?>
<!-- Generated by org.testng.reporters.JUnitXMLReporter -->
<testsuite ignored="1" hostname="DESKTOP-RVC0DF7" failures="0" tests="1" name="Default test" time="4.1" errors="0" timestamp="2023-01-10T09:31:02 IST">
  <testcase classname="integrationTestCases.AddToCartVerifyCheckOutTest" name="addToCartAndVerifyCheckOut" time="0.683"/>
  <testcase classname="integrationTestCases.AddToCartVerifyCheckOutTest" name="getListOfProducts" time="0.0">
    <ignored/>
  </testcase> <!-- getListOfProducts -->
</testsuite> <!-- Default test -->
