<?xml version="1.0" encoding="UTF-8"?>
<!-- Generated by org.testng.reporters.JUnitXMLReporter -->
<testsuite ignored="0" hostname="DESKTOP-RVC0DF7" failures="0" tests="2" name="Test" time="20.695" errors="0" timestamp="2023-01-09T14:43:03 IST">
  <testcase classname="integrationTestCases.AddToCartVerifyCheckOutTest" name="addToCartAndVerifyCheckOut" time="0.701"/>
  <testcase classname="integrationTestCases.AddToCartVerifyCheckOutTest" name="getListOfProducts" time="0.108"/>
</testsuite> <!-- Test -->
