<?xml version="1.0" encoding="UTF-8"?>
<testng-results ignored="1" total="2" passed="1" failed="0" skipped="0">
  <reporter-output>
  </reporter-output>
  <suite started-at="2023-01-10T09:30:58 IST" name="Default suite" finished-at="2023-01-10T09:31:02 IST" duration-ms="4100">
    <groups>
    </groups>
    <test started-at="2023-01-10T09:30:58 IST" name="Default test" finished-at="2023-01-10T09:31:02 IST" duration-ms="4100">
      <class name="integrationTestCases.AddToCartVerifyCheckOutTest">
        <test-method is-config="true" signature="openBrowser()[pri:0, instance:integrationTestCases.AddToCartVerifyCheckOutTest@4b29d1d2]" started-at="2023-01-10T09:30:58 IST" name="openBrowser" finished-at="2023-01-10T09:31:01 IST" duration-ms="2551" status="PASS">
          <reporter-output>
          </reporter-output>
        </test-method> <!-- openBrowser -->
        <test-method is-config="true" signature="login()[pri:0, instance:integrationTestCases.AddToCartVerifyCheckOutTest@4b29d1d2]" started-at="2023-01-10T09:31:01 IST" name="login" finished-at="2023-01-10T09:31:01 IST" duration-ms="593" status="PASS">
          <reporter-output>
          </reporter-output>
        </test-method> <!-- login -->
        <test-method signature="addToCartAndVerifyCheckOut()[pri:0, instance:integrationTestCases.AddToCartVerifyCheckOutTest@4b29d1d2]" started-at="2023-01-10T09:31:01 IST" name="addToCartAndVerifyCheckOut" finished-at="2023-01-10T09:31:02 IST" duration-ms="683" status="PASS">
          <reporter-output>
          </reporter-output>
        </test-method> <!-- addToCartAndVerifyCheckOut -->
        <test-method is-config="true" signature="logout()[pri:0, instance:integrationTestCases.AddToCartVerifyCheckOutTest@4b29d1d2]" started-at="2023-01-10T09:31:02 IST" name="logout" finished-at="2023-01-10T09:31:02 IST" duration-ms="181" status="PASS">
          <reporter-output>
          </reporter-output>
        </test-method> <!-- logout -->
        <test-method is-config="true" signature="closeBrowser()[pri:0, instance:integrationTestCases.AddToCartVerifyCheckOutTest@4b29d1d2]" started-at="2023-01-10T09:31:02 IST" name="closeBrowser" finished-at="2023-01-10T09:31:02 IST" duration-ms="66" status="PASS">
          <reporter-output>
          </reporter-output>
        </test-method> <!-- closeBrowser -->
      </class> <!-- integrationTestCases.AddToCartVerifyCheckOutTest -->
    </test> <!-- Default test -->
  </suite> <!-- Default suite -->
</testng-results>
